<?xml version="1.0" encoding="utf-8"?><testsuites name="pytest tests"><testsuite name="pytest" errors="0" failures="0" skipped="0" tests="25" time="4.500" timestamp="2026-05-18T08:05:41.542713+00:00" hostname="agent-env-fbd52284-10e0-432e-95d6-d0ad672a89f4"><testcase classname="backend.tests.test_arix_backend.TestAuth" name="test_root" time="0.245" /><testcase classname="backend.tests.test_arix_backend.TestAuth" name="test_duplicate_register" time="0.336" /><testcase classname="backend.tests.test_arix_backend.TestAuth" name="test_login" time="0.278" /><testcase classname="backend.tests.test_arix_backend.TestAuth" name="test_login_invalid" time="0.265" /><testcase classname="backend.tests.test_arix_backend.TestAuth" name="test_me_with_jwt" time="0.105" /><testcase classname="backend.tests.test_arix_backend.TestAuth" name="test_me_unauthorized" time="0.155" /><testcase classname="backend.tests.test_arix_backend.TestAuth" name="test_logout" time="0.046" /><testcase classname="backend.tests.test_arix_backend.TestAuth" name="test_google_session_invalid" time="0.131" /><testcase classname="backend.tests.test_arix_backend.TestProjects" name="test_create_project" time="0.080" /><testcase classname="backend.tests.test_arix_backend.TestProjects" name="test_list_projects" time="0.047" /><testcase classname="backend.tests.test_arix_backend.TestProjects" name="test_get_project" time="0.046" /><testcase classname="backend.tests.test_arix_backend.TestProjects" name="test_starter_files_seeded" time="0.052" /><testcase classname="backend.tests.test_arix_backend.TestProjects" name="test_upsert_file_create_then_update" time="0.140" /><testcase classname="backend.tests.test_arix_backend.TestProjects" name="test_delete_file" time="0.045" /><testcase classname="backend.tests.test_arix_backend.TestProjects" name="test_projects_require_auth" time="0.042" /><testcase classname="backend.tests.test_arix_backend.TestProjects" name="test_delete_project" time="0.098" /><testcase classname="backend.tests.test_arix_backend.TestChats" name="test_create_chat" time="0.058" /><testcase classname="backend.tests.test_arix_backend.TestChats" name="test_list_chats" time="0.048" /><testcase classname="backend.tests.test_arix_backend.TestChats" name="test_send_message_llm" time="1.750" /><testcase classname="backend.tests.test_arix_backend.TestChats" name="test_get_messages" time="0.047" /><testcase classname="backend.tests.test_arix_backend.TestTemplates" name="test_templates_list" time="0.048" /><testcase classname="backend.tests.test_arix_backend.TestDeployments" name="test_list_deployments" time="0.049" /><testcase classname="backend.tests.test_arix_backend.TestDeployments" name="test_create_deployment" time="0.154" /><testcase classname="backend.tests.test_arix_backend.TestAdmin" name="test_admin_stats_forbidden_for_free" time="0.048" /><testcase classname="backend.tests.test_arix_backend.TestAdmin" name="test_admin_stats_requires_auth" time="0.044" /></testsuite></testsuites>